<?xml version="1.0" encoding="UTF-8"?>
<testng-results skipped="0" failed="0" ignored="0" total="2" passed="2">
  <reporter-output>
  </reporter-output>
  <suite name="Default suite" duration-ms="6478" started-at="2019-05-23T12:07:36Z" finished-at="2019-05-23T12:07:42Z">
    <groups>
    </groups>
    <test name="Default test" duration-ms="6478" started-at="2019-05-23T12:07:36Z" finished-at="2019-05-23T12:07:42Z">
      <class name="com.testcases.GetData">
        <test-method status="PASS" signature="testResponsecode()[pri:0, instance:com.testcases.GetData@d8355a8]" name="testResponsecode" duration-ms="5344" started-at="2019-05-23T12:07:36Z" finished-at="2019-05-23T12:07:41Z">
          <reporter-output>
          </reporter-output>
        </test-method> <!-- testResponsecode -->
        <test-method status="PASS" signature="testbodycode()[pri:0, instance:com.testcases.GetData@d8355a8]" name="testbodycode" duration-ms="1048" started-at="2019-05-23T12:07:41Z" finished-at="2019-05-23T12:07:42Z">
          <reporter-output>
          </reporter-output>
        </test-method> <!-- testbodycode -->
      </class> <!-- com.testcases.GetData -->
    </test> <!-- Default test -->
  </suite> <!-- Default suite -->
</testng-results>
